<?xml version="1.0" encoding="UTF-8"?>
<!-- Generated by org.testng.reporters.JUnitXMLReporter -->
<testsuite hostname="DESKTOP-FJBLVPL" ignored="0" name="Test" tests="2" failures="0" timestamp="2020-06-14T13:16:44 IST" time="754.609" errors="0">
  <testcase name="test_download_spendconsumption_report" time="360.158" classname="com.prokarma.qa.tests.Validate_YOY_Records_with_Spend_and_Consumption_report"/>
  <testcase name="test_download_spendconsumption_report" time="383.782" classname="com.prokarma.qa.tests.Download_Validate_Spend_and_ConsumptionYOY_records_with_YOY_report"/>
</testsuite> <!-- Test -->
