<?xml version="1.0" encoding="UTF-8"?>
<testng-results skipped="0" failed="0" ignored="0" total="1" passed="1">
  <reporter-output>
  </reporter-output>
  <suite name="Default suite" duration-ms="307365" started-at="2020-07-07T15:54:25 IST" finished-at="2020-07-07T15:59:32 IST">
    <groups>
    </groups>
    <test name="Default test" duration-ms="307365" started-at="2020-07-07T15:54:25 IST" finished-at="2020-07-07T15:59:32 IST">
      <class name="com.prokarma.qa.tests.Validate_YOY_Report_with_Spend_and_Consumption_report">
        <test-method status="PASS" signature="setup()[pri:0, instance:com.prokarma.qa.tests.Validate_YOY_Report_with_Spend_and_Consumption_report@7f13d6e]" name="setup" is-config="true" duration-ms="4745" started-at="2020-07-07T15:54:25 IST" finished-at="2020-07-07T15:54:30 IST">
          <reporter-output>
          </reporter-output>
        </test-method> <!-- setup -->
        <test-method status="PASS" signature="test_download_spendconsumption_report()[pri:0, instance:com.prokarma.qa.tests.Validate_YOY_Report_with_Spend_and_Consumption_report@7f13d6e]" name="test_download_spendconsumption_report" duration-ms="297221" started-at="2020-07-07T15:54:30 IST" finished-at="2020-07-07T15:59:27 IST">
          <reporter-output>
          </reporter-output>
        </test-method> <!-- test_download_spendconsumption_report -->
        <test-method status="PASS" signature="tearDown()[pri:0, instance:com.prokarma.qa.tests.Validate_YOY_Report_with_Spend_and_Consumption_report@7f13d6e]" name="tearDown" is-config="true" duration-ms="5335" started-at="2020-07-07T15:59:27 IST" finished-at="2020-07-07T15:59:32 IST">
          <reporter-output>
          </reporter-output>
        </test-method> <!-- tearDown -->
      </class> <!-- com.prokarma.qa.tests.Validate_YOY_Report_with_Spend_and_Consumption_report -->
    </test> <!-- Default test -->
  </suite> <!-- Default suite -->
</testng-results>
